<?xml version="1.0" encoding="UTF-8"?>
<testsuite xmlns:xsi="http://www.w3.org/2001/XMLSchema-instance" xsi:noNamespaceSchemaLocation="https://maven.apache.org/surefire/maven-surefire-plugin/xsd/surefire-test-report.xsd" name="com.ezgo.apps.hw.HelloWorldTest" time="0.049" tests="1" errors="0" skipped="0" failures="0">
  <properties>
    <property name="sun.desktop" value="windows"/>
    <property name="awt.toolkit" value="sun.awt.windows.WToolkit"/>
    <property name="file.encoding.pkg" value="sun.io"/>
    <property name="java.specification.version" value="1.8"/>
    <property name="sun.cpu.isalist" value="amd64"/>
    <property name="sun.jnu.encoding" value="Cp1252"/>
    <property name="java.class.path" value="C:\Chitti\Official\Ez-Go\Technical\Repo\git\ezgo-web\cdt-ezgo\ezgo-web-parent\ezgo-web-Hybrid\target\test-classes;C:\Chitti\Official\Ez-Go\Technical\Repo\git\ezgo-web\cdt-ezgo\ezgo-web-parent\ezgo-web-Hybrid\target\classes;C:\Users\saesh\.m2\repository\org\mockito\mockito-core\2.13.0\mockito-core-2.13.0.jar;C:\Users\saesh\.m2\repository\net\bytebuddy\byte-buddy\1.7.9\byte-buddy-1.7.9.jar;C:\Users\saesh\.m2\repository\net\bytebuddy\byte-buddy-agent\1.7.9\byte-buddy-agent-1.7.9.jar;C:\Users\saesh\.m2\repository\org\objenesis\objenesis\2.6\objenesis-2.6.jar;C:\Users\saesh\.m2\repository\org\mockito\mockito-all\2.0.2-beta\mockito-all-2.0.2-beta.jar;C:\Users\saesh\.m2\repository\org\powermock\powermock-core\1.7.3\powermock-core-1.7.3.jar;C:\Users\saesh\.m2\repository\org\powermock\powermock-reflect\1.7.3\powermock-reflect-1.7.3.jar;C:\Users\saesh\.m2\repository\org\javassist\javassist\3.21.0-GA\javassist-3.21.0-GA.jar;C:\Users\saesh\.m2\repository\org\powermock\powermock-api-mockito\1.7.3\powermock-api-mockito-1.7.3.jar;C:\Users\saesh\.m2\repository\org\powermock\powermock-api-mockito-common\1.7.3\powermock-api-mockito-common-1.7.3.jar;C:\Users\saesh\.m2\repository\org\powermock\powermock-api-support\1.7.3\powermock-api-support-1.7.3.jar;C:\Users\saesh\.m2\repository\org\powermock\powermock-module-junit4\1.7.3\powermock-module-junit4-1.7.3.jar;C:\Users\saesh\.m2\repository\org\powermock\powermock-module-junit4-common\1.7.3\powermock-module-junit4-common-1.7.3.jar;C:\Users\saesh\.m2\repository\junit\junit\4.12\junit-4.12.jar;C:\Users\saesh\.m2\repository\org\hamcrest\hamcrest-core\1.3\hamcrest-core-1.3.jar;C:\Users\saesh\.m2\repository\org\apache\logging\log4j\log4j-api\2.10.0\log4j-api-2.10.0.jar;C:\Users\saesh\.m2\repository\org\apache\logging\log4j\log4j-core\2.10.0\log4j-core-2.10.0.jar;C:\Users\saesh\.m2\repository\org\apache\logging\log4j\log4j-slf4j-impl\2.10.0\log4j-slf4j-impl-2.10.0.jar;C:\Users\saesh\.m2\repository\org\slf4j\slf4j-api\1.8.0-alpha2\slf4j-api-1.8.0-alpha2.jar;"/>
    <property name="java.vm.vendor" value="Oracle Corporation"/>
    <property name="sun.arch.data.model" value="64"/>
    <property name="user.variant" value=""/>
    <property name="java.vendor.url" value="http://java.oracle.com/"/>
    <property name="user.timezone" value=""/>
    <property name="java.vm.specification.version" value="1.8"/>
    <property name="os.name" value="Windows 10"/>
    <property name="user.country" value="IN"/>
    <property name="sun.java.launcher" value="SUN_STANDARD"/>
    <property name="sun.boot.library.path" value="C:\Program Files\Java\jdk1.8.0_151\jre\bin"/>
    <property name="sun.java.command" value="C:\Users\saesh\AppData\Local\Temp\surefire982126666641962752\surefirebooter6789642642264413201.jar C:\Users\saesh\AppData\Local\Temp\surefire982126666641962752 2017-12-19T15-19-15_033-jvmRun1 surefire4314621117338303583tmp surefire_17118164337074607597tmp"/>
    <property name="surefire.test.class.path" value="C:\Chitti\Official\Ez-Go\Technical\Repo\git\ezgo-web\cdt-ezgo\ezgo-web-parent\ezgo-web-Hybrid\target\test-classes;C:\Chitti\Official\Ez-Go\Technical\Repo\git\ezgo-web\cdt-ezgo\ezgo-web-parent\ezgo-web-Hybrid\target\classes;C:\Users\saesh\.m2\repository\org\mockito\mockito-core\2.13.0\mockito-core-2.13.0.jar;C:\Users\saesh\.m2\repository\net\bytebuddy\byte-buddy\1.7.9\byte-buddy-1.7.9.jar;C:\Users\saesh\.m2\repository\net\bytebuddy\byte-buddy-agent\1.7.9\byte-buddy-agent-1.7.9.jar;C:\Users\saesh\.m2\repository\org\objenesis\objenesis\2.6\objenesis-2.6.jar;C:\Users\saesh\.m2\repository\org\mockito\mockito-all\2.0.2-beta\mockito-all-2.0.2-beta.jar;C:\Users\saesh\.m2\repository\org\powermock\powermock-core\1.7.3\powermock-core-1.7.3.jar;C:\Users\saesh\.m2\repository\org\powermock\powermock-reflect\1.7.3\powermock-reflect-1.7.3.jar;C:\Users\saesh\.m2\repository\org\javassist\javassist\3.21.0-GA\javassist-3.21.0-GA.jar;C:\Users\saesh\.m2\repository\org\powermock\powermock-api-mockito\1.7.3\powermock-api-mockito-1.7.3.jar;C:\Users\saesh\.m2\repository\org\powermock\powermock-api-mockito-common\1.7.3\powermock-api-mockito-common-1.7.3.jar;C:\Users\saesh\.m2\repository\org\powermock\powermock-api-support\1.7.3\powermock-api-support-1.7.3.jar;C:\Users\saesh\.m2\repository\org\powermock\powermock-module-junit4\1.7.3\powermock-module-junit4-1.7.3.jar;C:\Users\saesh\.m2\repository\org\powermock\powermock-module-junit4-common\1.7.3\powermock-module-junit4-common-1.7.3.jar;C:\Users\saesh\.m2\repository\junit\junit\4.12\junit-4.12.jar;C:\Users\saesh\.m2\repository\org\hamcrest\hamcrest-core\1.3\hamcrest-core-1.3.jar;C:\Users\saesh\.m2\repository\org\apache\logging\log4j\log4j-api\2.10.0\log4j-api-2.10.0.jar;C:\Users\saesh\.m2\repository\org\apache\logging\log4j\log4j-core\2.10.0\log4j-core-2.10.0.jar;C:\Users\saesh\.m2\repository\org\apache\logging\log4j\log4j-slf4j-impl\2.10.0\log4j-slf4j-impl-2.10.0.jar;C:\Users\saesh\.m2\repository\org\slf4j\slf4j-api\1.8.0-alpha2\slf4j-api-1.8.0-alpha2.jar;"/>
    <property name="sun.cpu.endian" value="little"/>
    <property name="user.home" value="C:\Users\saesh"/>
    <property name="user.language" value="en"/>
    <property name="java.specification.vendor" value="Oracle Corporation"/>
    <property name="java.home" value="C:\Program Files\Java\jdk1.8.0_151\jre"/>
    <property name="basedir" value="C:\Chitti\Official\Ez-Go\Technical\Repo\git\ezgo-web\cdt-ezgo\ezgo-web-parent\ezgo-web-Hybrid"/>
    <property name="file.separator" value="\"/>
    <property name="line.separator" value="&#10;"/>
    <property name="java.vm.specification.vendor" value="Oracle Corporation"/>
    <property name="java.specification.name" value="Java Platform API Specification"/>
    <property name="java.awt.graphicsenv" value="sun.awt.Win32GraphicsEnvironment"/>
    <property name="surefire.real.class.path" value="C:\Users\saesh\AppData\Local\Temp\surefire982126666641962752\surefirebooter6789642642264413201.jar"/>
    <property name="sun.boot.class.path" value="C:\Program Files\Java\jdk1.8.0_151\jre\lib\resources.jar;C:\Program Files\Java\jdk1.8.0_151\jre\lib\rt.jar;C:\Program Files\Java\jdk1.8.0_151\jre\lib\sunrsasign.jar;C:\Program Files\Java\jdk1.8.0_151\jre\lib\jsse.jar;C:\Program Files\Java\jdk1.8.0_151\jre\lib\jce.jar;C:\Program Files\Java\jdk1.8.0_151\jre\lib\charsets.jar;C:\Program Files\Java\jdk1.8.0_151\jre\lib\jfr.jar;C:\Program Files\Java\jdk1.8.0_151\jre\classes"/>
    <property name="user.script" value=""/>
    <property name="sun.management.compiler" value="HotSpot 64-Bit Tiered Compilers"/>
    <property name="java.runtime.version" value="1.8.0_151-b12"/>
    <property name="user.name" value="SatesH"/>
    <property name="path.separator" value=";"/>
    <property name="os.version" value="10.0"/>
    <property name="java.endorsed.dirs" value="C:\Program Files\Java\jdk1.8.0_151\jre\lib\endorsed"/>
    <property name="java.runtime.name" value="Java(TM) SE Runtime Environment"/>
    <property name="file.encoding" value="Cp1252"/>
    <property name="java.vm.name" value="Java HotSpot(TM) 64-Bit Server VM"/>
    <property name="localRepository" value="C:\Users\saesh\.m2\repository"/>
    <property name="java.vendor.url.bug" value="http://bugreport.sun.com/bugreport/"/>
    <property name="java.io.tmpdir" value="C:\Users\saesh\AppData\Local\Temp\"/>
    <property name="java.version" value="1.8.0_151"/>
    <property name="user.dir" value="C:\Chitti\Official\Ez-Go\Technical\Repo\git\ezgo-web\cdt-ezgo\ezgo-web-parent\ezgo-web-Hybrid"/>
    <property name="os.arch" value="amd64"/>
    <property name="java.vm.specification.name" value="Java Virtual Machine Specification"/>
    <property name="java.awt.printerjob" value="sun.awt.windows.WPrinterJob"/>
    <property name="sun.os.patch.level" value=""/>
    <property name="java.library.path" value="C:\Program Files\Java\jdk1.8.0_151\jre\bin;C:\WINDOWS\Sun\Java\bin;C:\WINDOWS\system32;C:\WINDOWS;C:/Program Files/Java/jre1.8.0_151/bin/server;C:/Program Files/Java/jre1.8.0_151/bin;C:/Program Files/Java/jre1.8.0_151/lib/amd64;C:\ProgramData\Oracle\Java\javapath;C:\Program Files (x86)\RSA SecurID Token Common;C:\Program Files\RSA SecurID Token Common;C:\Program Files (x86)\Intel\iCLS Client\;C:\Program Files\Intel\iCLS Client\;C:\WINDOWS\system32;C:\WINDOWS;C:\WINDOWS\System32\Wbem;C:\WINDOWS\System32\WindowsPowerShell\v1.0\;C:\Program Files (x86)\Intel\Intel(R) Management Engine Components\DAL;C:\Program Files\Intel\Intel(R) Management Engine Components\DAL;C:\Program Files (x86)\Intel\Intel(R) Management Engine Components\IPT;C:\Program Files\Intel\Intel(R) Management Engine Components\IPT;C:\Chitti\Softwares\nodejs\;C:\Program Files\RSA SecurID Token Common\;C:\Users\saesh\AppData\Local\Microsoft\WindowsApps;C:\Program Files\Java\jdk1.8.0_151;C:\Users\saesh\Batches\bin;C:\Users\saesh\AppData\Local\GitHubDesktop\bin;C:\Users\saesh\AppData\Local\GitHubDesktop\app-1.0.4\resources\app\git\cmd;C:\Users\saesh\AppData\Roaming\npm;C:\Chitti\Softwares\Apache\Maven\apache-maven-3.5.0\bin;;C:\Chitti\Softwares\eclipse\jee-neon\eclipse;;."/>
    <property name="java.vm.info" value="mixed mode"/>
    <property name="java.vendor" value="Oracle Corporation"/>
    <property name="java.vm.version" value="25.151-b12"/>
    <property name="java.ext.dirs" value="C:\Program Files\Java\jdk1.8.0_151\jre\lib\ext;C:\WINDOWS\Sun\Java\lib\ext"/>
    <property name="sun.io.unicode.encoding" value="UnicodeLittle"/>
    <property name="java.class.version" value="52.0"/>
  </properties>
  <testcase name="testReturnStringAsSuch" classname="com.ezgo.apps.hw.HelloWorldTest" time="0"/>
</testsuite>